<?xml version="1.0" encoding="UTF-8"?>
<!-- Generated by org.testng.reporters.JUnitReportReporter -->
<testsuite hostname="LAPTOP-LFLJ5P2A" failures="0" tests="1" name="com.qa.TestLayer.TestCase" time="18.532" errors="0" timestamp="2022-07-18T12:41:39 IST" skipped="0">
  <testcase classname="com.qa.TestLayer.TestCase" name="browserLaunch" time="18.532"/>
  <system-out/>
</testsuite> <!-- com.qa.TestLayer.TestCase -->
